Determining if the pthread_create exist failed with the following output:
Change Dir: /home/k/catkin_ws2/src/learning_communication/cmake-build-debug/CMakeFiles/CMakeTmp

Run Build Command:"/usr/bin/make" "cmTC_f012e/fast"
/usr/bin/make -f CMakeFiles/cmTC_f012e.dir/build.make CMakeFiles/cmTC_f012e.dir/build
make[1]: Entering directory '/home/k/catkin_ws2/src/learning_communication/cmake-build-debug/CMakeFiles/CMakeTmp'
Building C object CMakeFiles/cmTC_f012e.dir/CheckSymbolExists.c.o
/usr/bin/cc    -o CMakeFiles/cmTC_f012e.dir/CheckSymbolExists.c.o   -c /home/k/catkin_ws2/src/learning_communication/cmake-build-debug/CMakeFiles/CMakeTmp/CheckSymbolExists.c
Linking C executable cmTC_f012e
/usr/bin/cmake -E cmake_link_script CMakeFiles/cmTC_f012e.dir/link.txt --verbose=1
/usr/bin/cc      -rdynamic CMakeFiles/cmTC_f012e.dir/CheckSymbolExists.c.o  -o cmTC_f012e 
CMakeFiles/cmTC_f012e.dir/CheckSymbolExists.c.o: In function `main':
CheckSymbolExists.c:(.text+0x1b): undefined reference to `pthread_create'
collect2: error: ld returned 1 exit status
CMakeFiles/cmTC_f012e.dir/build.make:97: recipe for target 'cmTC_f012e' failed
make[1]: *** [cmTC_f012e] Error 1
make[1]: Leaving directory '/home/k/catkin_ws2/src/learning_communication/cmake-build-debug/CMakeFiles/CMakeTmp'
Makefile:126: recipe for target 'cmTC_f012e/fast' failed
make: *** [cmTC_f012e/fast] Error 2

File /home/k/catkin_ws2/src/learning_communication/cmake-build-debug/CMakeFiles/CMakeTmp/CheckSymbolExists.c:
/* */
#include <pthread.h>

int main(int argc, char** argv)
{
  (void)argv;
#ifndef pthread_create
  return ((int*)(&pthread_create))[argc];
#else
  (void)argc;
  return 0;
#endif
}

Determining if the function pthread_create exists in the pthreads failed with the following output:
Change Dir: /home/k/catkin_ws2/src/learning_communication/cmake-build-debug/CMakeFiles/CMakeTmp

Run Build Command:"/usr/bin/make" "cmTC_cdee3/fast"
/usr/bin/make -f CMakeFiles/cmTC_cdee3.dir/build.make CMakeFiles/cmTC_cdee3.dir/build
make[1]: Entering directory '/home/k/catkin_ws2/src/learning_communication/cmake-build-debug/CMakeFiles/CMakeTmp'
Building C object CMakeFiles/cmTC_cdee3.dir/CheckFunctionExists.c.o
/usr/bin/cc   -DCHECK_FUNCTION_EXISTS=pthread_create   -o CMakeFiles/cmTC_cdee3.dir/CheckFunctionExists.c.o   -c /usr/share/cmake-3.10/Modules/CheckFunctionExists.c
Linking C executable cmTC_cdee3
/usr/bin/cmake -E cmake_link_script CMakeFiles/cmTC_cdee3.dir/link.txt --verbose=1
/usr/bin/cc  -DCHECK_FUNCTION_EXISTS=pthread_create    -rdynamic CMakeFiles/cmTC_cdee3.dir/CheckFunctionExists.c.o  -o cmTC_cdee3 -lpthreads 
/usr/bin/ld: cannot find -lpthreads
collect2: error: ld returned 1 exit status
CMakeFiles/cmTC_cdee3.dir/build.make:97: recipe for target 'cmTC_cdee3' failed
make[1]: *** [cmTC_cdee3] Error 1
make[1]: Leaving directory '/home/k/catkin_ws2/src/learning_communication/cmake-build-debug/CMakeFiles/CMakeTmp'
Makefile:126: recipe for target 'cmTC_cdee3/fast' failed
make: *** [cmTC_cdee3/fast] Error 2


